22:29:11 INFO  : Registering command handlers for SDK TCF services
22:29:13 INFO  : Launching XSCT server: xsct -n -interactive /root/Development/microblaze_uart/microblaze_uart.sdk/temp_xsdb_launch_script.tcl
22:29:16 INFO  : XSCT server has started successfully.
22:29:16 INFO  : Successfully done setting XSCT server connection channel  
22:29:17 INFO  : Successfully done setting SDK workspace  
22:29:17 INFO  : Processing command line option -hwspec /root/Development/microblaze_uart/microblaze_uart.sdk/design_1_wrapper.hdf.
22:43:12 INFO  : Example project uart_interrupts_bsp_xgpio_low_level_example_1 has been created successfully.
02:33:14 INFO  : Connected to target on host '127.0.0.1' and port '3121'.
02:33:15 INFO  : 'targets -set -filter {jtag_cable_name =~ "Digilent Arty 210319A7664EA" && level==0} -index 0' command is executed.
02:33:16 INFO  : FPGA configured successfully with bitstream "/root/Development/microblaze_uart/microblaze_uart.sdk/design_1_wrapper_hw_platform_0/download.bit"
02:33:25 INFO  : 'targets -set -filter {jtag_cable_name =~ "Digilent Arty 210319A7664EA" && level==0} -index 0' command is executed.
02:33:25 INFO  : 'fpga -state' command is executed.
02:33:25 INFO  : Connected to target on host '127.0.0.1' and port '3121'.
02:33:26 INFO  : Jtag cable 'Digilent Arty 210319A7664EA' is selected.
02:33:26 INFO  : 'jtag frequency' command is executed.
02:33:26 INFO  : 'configparams mdm-detect-bscan-mask 2' command is executed.
02:33:26 INFO  : Context for processor 'microblaze_0' is selected.
02:33:26 INFO  : Processor reset is completed for 'microblaze_0'.
02:33:26 INFO  : Context for processor 'microblaze_0' is selected.
02:33:26 INFO  : The application '/root/Development/microblaze_uart/microblaze_uart.sdk/uart_interrupts_bsp_xgpio_low_level_example_1/Debug/uart_interrupts_bsp_xgpio_low_level_example_1.elf' is downloaded to processor 'microblaze_0'.
02:33:26 INFO  : ----------------XSDB Script----------------
connect -url tcp:127.0.0.1:3121
configparams mdm-detect-bscan-mask 2
targets -set -nocase -filter {name =~ "microblaze*#0" && bscan=="USER2"  && jtag_cable_name =~ "Digilent Arty 210319A7664EA"} -index 0
rst -processor
targets -set -nocase -filter {name =~ "microblaze*#0" && bscan=="USER2"  && jtag_cable_name =~ "Digilent Arty 210319A7664EA"} -index 0
dow /root/Development/microblaze_uart/microblaze_uart.sdk/uart_interrupts_bsp_xgpio_low_level_example_1/Debug/uart_interrupts_bsp_xgpio_low_level_example_1.elf
----------------End of Script----------------

02:33:27 INFO  : Memory regions updated for context PA
02:33:27 INFO  : Memory regions updated for context PA
02:33:27 INFO  : Context for processor 'microblaze_0' is selected.
02:33:27 INFO  : 'con' command is executed.
02:33:27 INFO  : ----------------XSDB Script (After Launch)----------------
targets -set -nocase -filter {name =~ "microblaze*#0" && bscan=="USER2"  && jtag_cable_name =~ "Digilent Arty 210319A7664EA"} -index 0
con
----------------End of Script----------------

02:33:27 INFO  : Launch script is exported to file '/root/Development/microblaze_uart/microblaze_uart.sdk/.sdk/launch_scripts/xilinx_c-c++_application_(system_debugger)/system_debugger_using_debug_uart_interrupts_bsp_xgpio_low_level_example_1.elf_on_local.tcl'
02:34:14 INFO  : Connected to target on host '127.0.0.1' and port '3121'.
02:34:14 INFO  : 'targets -set -filter {jtag_cable_name =~ "Digilent Arty 210319A7664EA" && level==0} -index 0' command is executed.
02:34:16 INFO  : FPGA configured successfully with bitstream "/root/Development/microblaze_uart/microblaze_uart.sdk/design_1_wrapper_hw_platform_0/download.bit"
02:34:41 INFO  : Disconnected from the channel tcfchan#1.
02:34:42 INFO  : 'targets -set -filter {jtag_cable_name =~ "Digilent Arty 210319A7664EA" && level==0} -index 0' command is executed.
02:34:42 INFO  : 'fpga -state' command is executed.
02:34:42 INFO  : Connected to target on host '127.0.0.1' and port '3121'.
02:34:42 INFO  : Jtag cable 'Digilent Arty 210319A7664EA' is selected.
02:34:42 INFO  : 'jtag frequency' command is executed.
02:34:42 INFO  : 'configparams mdm-detect-bscan-mask 2' command is executed.
02:34:43 INFO  : Context for processor 'microblaze_0' is selected.
02:34:43 INFO  : Processor reset is completed for 'microblaze_0'.
02:34:43 INFO  : Context for processor 'microblaze_0' is selected.
02:34:43 INFO  : The application '/root/Development/microblaze_uart/microblaze_uart.sdk/uart_interrupts_bsp_xgpio_low_level_example_1/Debug/uart_interrupts_bsp_xgpio_low_level_example_1.elf' is downloaded to processor 'microblaze_0'.
02:34:43 INFO  : ----------------XSDB Script----------------
connect -url tcp:127.0.0.1:3121
configparams mdm-detect-bscan-mask 2
targets -set -nocase -filter {name =~ "microblaze*#0" && bscan=="USER2"  && jtag_cable_name =~ "Digilent Arty 210319A7664EA"} -index 0
rst -processor
targets -set -nocase -filter {name =~ "microblaze*#0" && bscan=="USER2"  && jtag_cable_name =~ "Digilent Arty 210319A7664EA"} -index 0
dow /root/Development/microblaze_uart/microblaze_uart.sdk/uart_interrupts_bsp_xgpio_low_level_example_1/Debug/uart_interrupts_bsp_xgpio_low_level_example_1.elf
----------------End of Script----------------

02:34:43 INFO  : Memory regions updated for context PA
02:34:43 INFO  : Memory regions updated for context PA
02:34:43 INFO  : Context for processor 'microblaze_0' is selected.
02:34:43 INFO  : 'con' command is executed.
02:34:43 INFO  : ----------------XSDB Script (After Launch)----------------
targets -set -nocase -filter {name =~ "microblaze*#0" && bscan=="USER2"  && jtag_cable_name =~ "Digilent Arty 210319A7664EA"} -index 0
con
----------------End of Script----------------

02:34:43 INFO  : Launch script is exported to file '/root/Development/microblaze_uart/microblaze_uart.sdk/.sdk/launch_scripts/xilinx_c-c++_application_(system_debugger)/system_debugger_using_debug_uart_interrupts_bsp_xgpio_low_level_example_1.elf_on_local.tcl'
02:36:46 INFO  : Disconnected from the channel tcfchan#2.
02:36:47 INFO  : 'targets -set -filter {jtag_cable_name =~ "Digilent Arty 210319A7664EA" && level==0} -index 0' command is executed.
02:36:47 INFO  : 'fpga -state' command is executed.
02:36:47 INFO  : Connected to target on host '127.0.0.1' and port '3121'.
02:36:48 INFO  : Jtag cable 'Digilent Arty 210319A7664EA' is selected.
02:36:48 INFO  : 'jtag frequency' command is executed.
02:36:48 INFO  : 'configparams mdm-detect-bscan-mask 2' command is executed.
02:36:48 INFO  : Context for processor 'microblaze_0' is selected.
02:36:48 INFO  : Processor reset is completed for 'microblaze_0'.
02:36:48 INFO  : Context for processor 'microblaze_0' is selected.
02:36:48 INFO  : The application '/root/Development/microblaze_uart/microblaze_uart.sdk/uart_interrupts_bsp_xgpio_low_level_example_1/Debug/uart_interrupts_bsp_xgpio_low_level_example_1.elf' is downloaded to processor 'microblaze_0'.
02:36:48 INFO  : ----------------XSDB Script----------------
connect -url tcp:127.0.0.1:3121
configparams mdm-detect-bscan-mask 2
targets -set -nocase -filter {name =~ "microblaze*#0" && bscan=="USER2"  && jtag_cable_name =~ "Digilent Arty 210319A7664EA"} -index 0
rst -processor
targets -set -nocase -filter {name =~ "microblaze*#0" && bscan=="USER2"  && jtag_cable_name =~ "Digilent Arty 210319A7664EA"} -index 0
dow /root/Development/microblaze_uart/microblaze_uart.sdk/uart_interrupts_bsp_xgpio_low_level_example_1/Debug/uart_interrupts_bsp_xgpio_low_level_example_1.elf
----------------End of Script----------------

02:36:49 INFO  : Memory regions updated for context PA
02:36:49 INFO  : Memory regions updated for context PA
02:36:49 INFO  : Context for processor 'microblaze_0' is selected.
02:36:49 INFO  : 'con' command is executed.
02:36:49 INFO  : ----------------XSDB Script (After Launch)----------------
targets -set -nocase -filter {name =~ "microblaze*#0" && bscan=="USER2"  && jtag_cable_name =~ "Digilent Arty 210319A7664EA"} -index 0
con
----------------End of Script----------------

02:36:49 INFO  : Launch script is exported to file '/root/Development/microblaze_uart/microblaze_uart.sdk/.sdk/launch_scripts/xilinx_c-c++_application_(system_debugger)/system_debugger_using_debug_uart_interrupts_bsp_xgpio_low_level_example_1.elf_on_local.tcl'
02:39:28 INFO  : Connected to target on host '127.0.0.1' and port '3121'.
02:40:04 INFO  : Connected to target on host '127.0.0.1' and port '3121'.
02:40:04 INFO  : 'targets -set -filter {jtag_cable_name =~ "Digilent Arty 210319A7664EA" && level==0} -index 0' command is executed.
02:40:06 INFO  : FPGA configured successfully with bitstream "/root/Development/microblaze_uart/microblaze_uart.sdk/design_1_wrapper_hw_platform_0/download.bit"
02:40:16 INFO  : Disconnected from the channel tcfchan#3.
02:40:18 INFO  : 'targets -set -filter {jtag_cable_name =~ "Digilent Arty 210319A7664EA" && level==0} -index 0' command is executed.
02:40:18 INFO  : 'fpga -state' command is executed.
02:40:18 INFO  : Connected to target on host '127.0.0.1' and port '3121'.
02:40:18 INFO  : Jtag cable 'Digilent Arty 210319A7664EA' is selected.
02:40:18 INFO  : 'jtag frequency' command is executed.
02:40:18 INFO  : 'configparams mdm-detect-bscan-mask 2' command is executed.
02:40:18 INFO  : Context for processor 'microblaze_0' is selected.
02:40:18 INFO  : Processor reset is completed for 'microblaze_0'.
02:40:18 INFO  : Context for processor 'microblaze_0' is selected.
02:40:19 INFO  : The application '/root/Development/microblaze_uart/microblaze_uart.sdk/uart_interrupts_bsp_xgpio_low_level_example_1/Debug/uart_interrupts_bsp_xgpio_low_level_example_1.elf' is downloaded to processor 'microblaze_0'.
02:40:19 INFO  : ----------------XSDB Script----------------
connect -url tcp:127.0.0.1:3121
configparams mdm-detect-bscan-mask 2
targets -set -nocase -filter {name =~ "microblaze*#0" && bscan=="USER2"  && jtag_cable_name =~ "Digilent Arty 210319A7664EA"} -index 0
rst -processor
targets -set -nocase -filter {name =~ "microblaze*#0" && bscan=="USER2"  && jtag_cable_name =~ "Digilent Arty 210319A7664EA"} -index 0
dow /root/Development/microblaze_uart/microblaze_uart.sdk/uart_interrupts_bsp_xgpio_low_level_example_1/Debug/uart_interrupts_bsp_xgpio_low_level_example_1.elf
----------------End of Script----------------

02:40:19 INFO  : Memory regions updated for context PA
02:40:19 INFO  : Memory regions updated for context PA
02:40:19 INFO  : Context for processor 'microblaze_0' is selected.
02:40:19 INFO  : 'con' command is executed.
02:40:19 INFO  : ----------------XSDB Script (After Launch)----------------
targets -set -nocase -filter {name =~ "microblaze*#0" && bscan=="USER2"  && jtag_cable_name =~ "Digilent Arty 210319A7664EA"} -index 0
con
----------------End of Script----------------

02:40:19 INFO  : Launch script is exported to file '/root/Development/microblaze_uart/microblaze_uart.sdk/.sdk/launch_scripts/xilinx_c-c++_application_(system_debugger)/system_debugger_using_debug_uart_interrupts_bsp_xgpio_low_level_example_1.elf_on_local.tcl'
02:42:40 INFO  : Disconnected from the channel tcfchan#4.
02:42:42 INFO  : 'targets -set -filter {jtag_cable_name =~ "Digilent Arty 210319A7664EA" && level==0} -index 0' command is executed.
02:42:42 INFO  : 'fpga -state' command is executed.
02:42:42 INFO  : Connected to target on host '127.0.0.1' and port '3121'.
02:42:42 INFO  : Jtag cable 'Digilent Arty 210319A7664EA' is selected.
02:42:42 INFO  : 'jtag frequency' command is executed.
02:42:42 INFO  : 'configparams mdm-detect-bscan-mask 2' command is executed.
02:42:42 INFO  : Context for processor 'microblaze_0' is selected.
02:42:42 INFO  : Processor reset is completed for 'microblaze_0'.
02:42:42 INFO  : Context for processor 'microblaze_0' is selected.
02:42:43 INFO  : The application '/root/Development/microblaze_uart/microblaze_uart.sdk/uart_interrupts_bsp_xgpio_low_level_example_1/Debug/uart_interrupts_bsp_xgpio_low_level_example_1.elf' is downloaded to processor 'microblaze_0'.
02:42:43 INFO  : ----------------XSDB Script----------------
connect -url tcp:127.0.0.1:3121
configparams mdm-detect-bscan-mask 2
targets -set -nocase -filter {name =~ "microblaze*#0" && bscan=="USER2"  && jtag_cable_name =~ "Digilent Arty 210319A7664EA"} -index 0
rst -processor
targets -set -nocase -filter {name =~ "microblaze*#0" && bscan=="USER2"  && jtag_cable_name =~ "Digilent Arty 210319A7664EA"} -index 0
dow /root/Development/microblaze_uart/microblaze_uart.sdk/uart_interrupts_bsp_xgpio_low_level_example_1/Debug/uart_interrupts_bsp_xgpio_low_level_example_1.elf
----------------End of Script----------------

02:42:43 INFO  : Memory regions updated for context PA
02:42:43 INFO  : Memory regions updated for context PA
02:42:43 INFO  : Context for processor 'microblaze_0' is selected.
02:42:43 INFO  : 'con' command is executed.
02:42:43 INFO  : ----------------XSDB Script (After Launch)----------------
targets -set -nocase -filter {name =~ "microblaze*#0" && bscan=="USER2"  && jtag_cable_name =~ "Digilent Arty 210319A7664EA"} -index 0
con
----------------End of Script----------------

02:42:43 INFO  : Launch script is exported to file '/root/Development/microblaze_uart/microblaze_uart.sdk/.sdk/launch_scripts/xilinx_c-c++_application_(system_debugger)/system_debugger_using_debug_uart_interrupts_bsp_xgpio_low_level_example_1.elf_on_local.tcl'
02:43:41 INFO  : Connected to target on host '127.0.0.1' and port '3121'.
02:43:42 INFO  : 'targets -set -filter {jtag_cable_name =~ "Digilent Arty 210319A7664EA" && level==0} -index 0' command is executed.
02:43:43 INFO  : FPGA configured successfully with bitstream "/root/Development/microblaze_uart/microblaze_uart.sdk/design_1_wrapper_hw_platform_0/download.bit"
02:47:37 INFO  : Disconnected from the channel tcfchan#5.
02:47:39 INFO  : 'targets -set -filter {jtag_cable_name =~ "Digilent Arty 210319A7664EA" && level==0} -index 0' command is executed.
02:47:39 INFO  : 'fpga -state' command is executed.
02:47:39 INFO  : Connected to target on host '127.0.0.1' and port '3121'.
02:47:39 INFO  : Jtag cable 'Digilent Arty 210319A7664EA' is selected.
02:47:39 INFO  : 'jtag frequency' command is executed.
02:47:39 INFO  : 'configparams mdm-detect-bscan-mask 2' command is executed.
02:47:39 INFO  : Context for processor 'microblaze_0' is selected.
02:47:39 INFO  : Processor reset is completed for 'microblaze_0'.
02:47:39 INFO  : Context for processor 'microblaze_0' is selected.
02:47:40 INFO  : The application '/root/Development/microblaze_uart/microblaze_uart.sdk/uart_interrupts/Debug/uart_interrupts.elf' is downloaded to processor 'microblaze_0'.
02:47:40 INFO  : ----------------XSDB Script----------------
connect -url tcp:127.0.0.1:3121
configparams mdm-detect-bscan-mask 2
targets -set -nocase -filter {name =~ "microblaze*#0" && bscan=="USER2"  && jtag_cable_name =~ "Digilent Arty 210319A7664EA"} -index 0
rst -processor
targets -set -nocase -filter {name =~ "microblaze*#0" && bscan=="USER2"  && jtag_cable_name =~ "Digilent Arty 210319A7664EA"} -index 0
dow /root/Development/microblaze_uart/microblaze_uart.sdk/uart_interrupts/Debug/uart_interrupts.elf
----------------End of Script----------------

02:47:40 INFO  : Memory regions updated for context PA
02:47:40 INFO  : Memory regions updated for context PA
02:47:40 INFO  : Context for processor 'microblaze_0' is selected.
02:47:40 INFO  : 'con' command is executed.
02:47:40 INFO  : ----------------XSDB Script (After Launch)----------------
targets -set -nocase -filter {name =~ "microblaze*#0" && bscan=="USER2"  && jtag_cable_name =~ "Digilent Arty 210319A7664EA"} -index 0
con
----------------End of Script----------------

02:47:40 INFO  : Launch script is exported to file '/root/Development/microblaze_uart/microblaze_uart.sdk/.sdk/launch_scripts/xilinx_c-c++_application_(system_debugger)/system_debugger_using_debug_uart_interrupts.elf_on_local.tcl'
02:49:19 INFO  : Disconnected from the channel tcfchan#6.
02:49:20 INFO  : 'targets -set -filter {jtag_cable_name =~ "Digilent Arty 210319A7664EA" && level==0} -index 0' command is executed.
02:49:20 INFO  : 'fpga -state' command is executed.
02:49:20 INFO  : Connected to target on host '127.0.0.1' and port '3121'.
02:49:21 INFO  : Jtag cable 'Digilent Arty 210319A7664EA' is selected.
02:49:21 INFO  : 'jtag frequency' command is executed.
02:49:21 INFO  : 'configparams mdm-detect-bscan-mask 2' command is executed.
02:49:21 INFO  : Context for processor 'microblaze_0' is selected.
02:49:21 INFO  : Processor reset is completed for 'microblaze_0'.
02:49:21 INFO  : Context for processor 'microblaze_0' is selected.
02:49:21 INFO  : The application '/root/Development/microblaze_uart/microblaze_uart.sdk/uart_interrupts/Debug/uart_interrupts.elf' is downloaded to processor 'microblaze_0'.
02:49:21 INFO  : ----------------XSDB Script----------------
connect -url tcp:127.0.0.1:3121
configparams mdm-detect-bscan-mask 2
targets -set -nocase -filter {name =~ "microblaze*#0" && bscan=="USER2"  && jtag_cable_name =~ "Digilent Arty 210319A7664EA"} -index 0
rst -processor
targets -set -nocase -filter {name =~ "microblaze*#0" && bscan=="USER2"  && jtag_cable_name =~ "Digilent Arty 210319A7664EA"} -index 0
dow /root/Development/microblaze_uart/microblaze_uart.sdk/uart_interrupts/Debug/uart_interrupts.elf
----------------End of Script----------------

02:49:22 INFO  : Memory regions updated for context PA
02:49:22 INFO  : Memory regions updated for context PA
02:49:22 INFO  : Context for processor 'microblaze_0' is selected.
02:49:22 INFO  : 'con' command is executed.
02:49:22 INFO  : ----------------XSDB Script (After Launch)----------------
targets -set -nocase -filter {name =~ "microblaze*#0" && bscan=="USER2"  && jtag_cable_name =~ "Digilent Arty 210319A7664EA"} -index 0
con
----------------End of Script----------------

02:49:22 INFO  : Launch script is exported to file '/root/Development/microblaze_uart/microblaze_uart.sdk/.sdk/launch_scripts/xilinx_c-c++_application_(system_debugger)/system_debugger_using_debug_uart_interrupts.elf_on_local.tcl'
02:49:40 INFO  : Disconnected from the channel tcfchan#7.
02:49:41 INFO  : 'targets -set -filter {jtag_cable_name =~ "Digilent Arty 210319A7664EA" && level==0} -index 0' command is executed.
02:49:41 INFO  : 'fpga -state' command is executed.
02:49:41 INFO  : Connected to target on host '127.0.0.1' and port '3121'.
02:49:41 INFO  : Jtag cable 'Digilent Arty 210319A7664EA' is selected.
02:49:41 INFO  : 'jtag frequency' command is executed.
02:49:42 INFO  : 'configparams mdm-detect-bscan-mask 2' command is executed.
02:49:42 INFO  : Context for processor 'microblaze_0' is selected.
02:49:42 INFO  : Processor reset is completed for 'microblaze_0'.
02:49:42 INFO  : Context for processor 'microblaze_0' is selected.
02:49:42 INFO  : The application '/root/Development/microblaze_uart/microblaze_uart.sdk/uart_interrupts/Debug/uart_interrupts.elf' is downloaded to processor 'microblaze_0'.
02:49:42 INFO  : ----------------XSDB Script----------------
connect -url tcp:127.0.0.1:3121
configparams mdm-detect-bscan-mask 2
targets -set -nocase -filter {name =~ "microblaze*#0" && bscan=="USER2"  && jtag_cable_name =~ "Digilent Arty 210319A7664EA"} -index 0
rst -processor
targets -set -nocase -filter {name =~ "microblaze*#0" && bscan=="USER2"  && jtag_cable_name =~ "Digilent Arty 210319A7664EA"} -index 0
dow /root/Development/microblaze_uart/microblaze_uart.sdk/uart_interrupts/Debug/uart_interrupts.elf
----------------End of Script----------------

02:49:42 INFO  : Memory regions updated for context PA
02:49:42 INFO  : Memory regions updated for context PA
02:49:43 INFO  : Context for processor 'microblaze_0' is selected.
02:49:43 INFO  : 'con' command is executed.
02:49:43 INFO  : ----------------XSDB Script (After Launch)----------------
targets -set -nocase -filter {name =~ "microblaze*#0" && bscan=="USER2"  && jtag_cable_name =~ "Digilent Arty 210319A7664EA"} -index 0
con
----------------End of Script----------------

02:49:43 INFO  : Launch script is exported to file '/root/Development/microblaze_uart/microblaze_uart.sdk/.sdk/launch_scripts/xilinx_c-c++_application_(system_debugger)/system_debugger_using_debug_uart_interrupts.elf_on_local.tcl'
03:29:02 INFO  : Disconnected from the channel tcfchan#8.
03:29:03 INFO  : 'targets -set -filter {jtag_cable_name =~ "Digilent Arty 210319A7664EA" && level==0} -index 0' command is executed.
03:29:03 INFO  : 'fpga -state' command is executed.
03:29:03 INFO  : Connected to target on host '127.0.0.1' and port '3121'.
03:29:03 INFO  : Jtag cable 'Digilent Arty 210319A7664EA' is selected.
03:29:03 INFO  : 'jtag frequency' command is executed.
03:29:03 INFO  : 'configparams mdm-detect-bscan-mask 2' command is executed.
03:29:03 INFO  : Context for processor 'microblaze_0' is selected.
03:29:03 INFO  : Processor reset is completed for 'microblaze_0'.
03:29:04 INFO  : Context for processor 'microblaze_0' is selected.
03:29:04 INFO  : The application '/root/Development/microblaze_uart/microblaze_uart.sdk/uart_interrupts/Debug/uart_interrupts.elf' is downloaded to processor 'microblaze_0'.
03:29:04 INFO  : ----------------XSDB Script----------------
connect -url tcp:127.0.0.1:3121
configparams mdm-detect-bscan-mask 2
targets -set -nocase -filter {name =~ "microblaze*#0" && bscan=="USER2"  && jtag_cable_name =~ "Digilent Arty 210319A7664EA"} -index 0
rst -processor
targets -set -nocase -filter {name =~ "microblaze*#0" && bscan=="USER2"  && jtag_cable_name =~ "Digilent Arty 210319A7664EA"} -index 0
dow /root/Development/microblaze_uart/microblaze_uart.sdk/uart_interrupts/Debug/uart_interrupts.elf
----------------End of Script----------------

03:29:04 INFO  : Memory regions updated for context PA
03:29:04 INFO  : Memory regions updated for context PA
03:29:04 INFO  : Context for processor 'microblaze_0' is selected.
03:29:04 INFO  : 'con' command is executed.
03:29:04 INFO  : ----------------XSDB Script (After Launch)----------------
targets -set -nocase -filter {name =~ "microblaze*#0" && bscan=="USER2"  && jtag_cable_name =~ "Digilent Arty 210319A7664EA"} -index 0
con
----------------End of Script----------------

03:29:04 INFO  : Launch script is exported to file '/root/Development/microblaze_uart/microblaze_uart.sdk/.sdk/launch_scripts/xilinx_c-c++_application_(system_debugger)/system_debugger_using_debug_uart_interrupts.elf_on_local.tcl'
03:29:55 INFO  : Disconnected from the channel tcfchan#9.
03:29:56 INFO  : 'targets -set -filter {jtag_cable_name =~ "Digilent Arty 210319A7664EA" && level==0} -index 0' command is executed.
03:29:56 INFO  : 'fpga -state' command is executed.
03:29:56 INFO  : Connected to target on host '127.0.0.1' and port '3121'.
03:29:56 INFO  : Jtag cable 'Digilent Arty 210319A7664EA' is selected.
03:29:56 INFO  : 'jtag frequency' command is executed.
03:29:56 INFO  : 'configparams mdm-detect-bscan-mask 2' command is executed.
03:29:56 INFO  : Context for processor 'microblaze_0' is selected.
03:29:57 INFO  : Processor reset is completed for 'microblaze_0'.
03:29:57 INFO  : Context for processor 'microblaze_0' is selected.
03:29:57 INFO  : The application '/root/Development/microblaze_uart/microblaze_uart.sdk/uart_interrupts/Debug/uart_interrupts.elf' is downloaded to processor 'microblaze_0'.
03:29:57 INFO  : ----------------XSDB Script----------------
connect -url tcp:127.0.0.1:3121
configparams mdm-detect-bscan-mask 2
targets -set -nocase -filter {name =~ "microblaze*#0" && bscan=="USER2"  && jtag_cable_name =~ "Digilent Arty 210319A7664EA"} -index 0
rst -processor
targets -set -nocase -filter {name =~ "microblaze*#0" && bscan=="USER2"  && jtag_cable_name =~ "Digilent Arty 210319A7664EA"} -index 0
dow /root/Development/microblaze_uart/microblaze_uart.sdk/uart_interrupts/Debug/uart_interrupts.elf
----------------End of Script----------------

03:29:57 INFO  : Memory regions updated for context PA
03:29:57 INFO  : Memory regions updated for context PA
03:29:57 INFO  : Context for processor 'microblaze_0' is selected.
03:29:57 INFO  : 'con' command is executed.
03:29:57 INFO  : ----------------XSDB Script (After Launch)----------------
targets -set -nocase -filter {name =~ "microblaze*#0" && bscan=="USER2"  && jtag_cable_name =~ "Digilent Arty 210319A7664EA"} -index 0
con
----------------End of Script----------------

03:29:57 INFO  : Launch script is exported to file '/root/Development/microblaze_uart/microblaze_uart.sdk/.sdk/launch_scripts/xilinx_c-c++_application_(system_debugger)/system_debugger_using_debug_uart_interrupts.elf_on_local.tcl'
03:30:20 INFO  : Disconnected from the channel tcfchan#10.
03:30:22 INFO  : 'targets -set -filter {jtag_cable_name =~ "Digilent Arty 210319A7664EA" && level==0} -index 0' command is executed.
03:30:22 INFO  : 'fpga -state' command is executed.
03:30:22 INFO  : Connected to target on host '127.0.0.1' and port '3121'.
03:30:22 INFO  : Jtag cable 'Digilent Arty 210319A7664EA' is selected.
03:30:22 INFO  : 'jtag frequency' command is executed.
03:30:22 INFO  : 'configparams mdm-detect-bscan-mask 2' command is executed.
03:30:22 INFO  : Context for processor 'microblaze_0' is selected.
03:30:22 INFO  : Processor reset is completed for 'microblaze_0'.
03:30:22 INFO  : Context for processor 'microblaze_0' is selected.
03:30:22 INFO  : The application '/root/Development/microblaze_uart/microblaze_uart.sdk/uart_interrupts/Debug/uart_interrupts.elf' is downloaded to processor 'microblaze_0'.
03:30:22 INFO  : ----------------XSDB Script----------------
connect -url tcp:127.0.0.1:3121
configparams mdm-detect-bscan-mask 2
targets -set -nocase -filter {name =~ "microblaze*#0" && bscan=="USER2"  && jtag_cable_name =~ "Digilent Arty 210319A7664EA"} -index 0
rst -processor
targets -set -nocase -filter {name =~ "microblaze*#0" && bscan=="USER2"  && jtag_cable_name =~ "Digilent Arty 210319A7664EA"} -index 0
dow /root/Development/microblaze_uart/microblaze_uart.sdk/uart_interrupts/Debug/uart_interrupts.elf
----------------End of Script----------------

03:30:23 INFO  : Memory regions updated for context PA
03:30:23 INFO  : Memory regions updated for context PA
03:30:23 INFO  : Context for processor 'microblaze_0' is selected.
03:30:23 INFO  : 'con' command is executed.
03:30:23 INFO  : ----------------XSDB Script (After Launch)----------------
targets -set -nocase -filter {name =~ "microblaze*#0" && bscan=="USER2"  && jtag_cable_name =~ "Digilent Arty 210319A7664EA"} -index 0
con
----------------End of Script----------------

03:30:23 INFO  : Launch script is exported to file '/root/Development/microblaze_uart/microblaze_uart.sdk/.sdk/launch_scripts/xilinx_c-c++_application_(system_debugger)/system_debugger_using_debug_uart_interrupts.elf_on_local.tcl'
03:32:22 INFO  : Disconnected from the channel tcfchan#11.
03:32:23 INFO  : 'targets -set -filter {jtag_cable_name =~ "Digilent Arty 210319A7664EA" && level==0} -index 0' command is executed.
03:32:23 INFO  : 'fpga -state' command is executed.
03:32:23 INFO  : Connected to target on host '127.0.0.1' and port '3121'.
03:32:24 INFO  : Jtag cable 'Digilent Arty 210319A7664EA' is selected.
03:32:24 INFO  : 'jtag frequency' command is executed.
03:32:24 INFO  : 'configparams mdm-detect-bscan-mask 2' command is executed.
03:32:24 INFO  : Context for processor 'microblaze_0' is selected.
03:32:24 INFO  : Processor reset is completed for 'microblaze_0'.
03:32:24 INFO  : Context for processor 'microblaze_0' is selected.
03:32:24 INFO  : The application '/root/Development/microblaze_uart/microblaze_uart.sdk/uart_interrupts/Debug/uart_interrupts.elf' is downloaded to processor 'microblaze_0'.
03:32:24 INFO  : ----------------XSDB Script----------------
connect -url tcp:127.0.0.1:3121
configparams mdm-detect-bscan-mask 2
targets -set -nocase -filter {name =~ "microblaze*#0" && bscan=="USER2"  && jtag_cable_name =~ "Digilent Arty 210319A7664EA"} -index 0
rst -processor
targets -set -nocase -filter {name =~ "microblaze*#0" && bscan=="USER2"  && jtag_cable_name =~ "Digilent Arty 210319A7664EA"} -index 0
dow /root/Development/microblaze_uart/microblaze_uart.sdk/uart_interrupts/Debug/uart_interrupts.elf
----------------End of Script----------------

03:32:25 INFO  : Memory regions updated for context PA
03:32:25 INFO  : Memory regions updated for context PA
03:32:25 INFO  : Context for processor 'microblaze_0' is selected.
03:32:25 INFO  : 'con' command is executed.
03:32:25 INFO  : ----------------XSDB Script (After Launch)----------------
targets -set -nocase -filter {name =~ "microblaze*#0" && bscan=="USER2"  && jtag_cable_name =~ "Digilent Arty 210319A7664EA"} -index 0
con
----------------End of Script----------------

03:32:25 INFO  : Launch script is exported to file '/root/Development/microblaze_uart/microblaze_uart.sdk/.sdk/launch_scripts/xilinx_c-c++_application_(system_debugger)/system_debugger_using_debug_uart_interrupts.elf_on_local.tcl'
03:33:41 INFO  : Disconnected from the channel tcfchan#12.
03:33:43 INFO  : 'targets -set -filter {jtag_cable_name =~ "Digilent Arty 210319A7664EA" && level==0} -index 0' command is executed.
03:33:43 INFO  : 'fpga -state' command is executed.
03:33:43 INFO  : Connected to target on host '127.0.0.1' and port '3121'.
03:33:43 INFO  : Jtag cable 'Digilent Arty 210319A7664EA' is selected.
03:33:43 INFO  : 'jtag frequency' command is executed.
03:33:43 INFO  : 'configparams mdm-detect-bscan-mask 2' command is executed.
03:33:43 INFO  : Context for processor 'microblaze_0' is selected.
03:33:43 INFO  : Processor reset is completed for 'microblaze_0'.
03:33:43 INFO  : Context for processor 'microblaze_0' is selected.
03:33:44 INFO  : The application '/root/Development/microblaze_uart/microblaze_uart.sdk/uart_interrupts/Debug/uart_interrupts.elf' is downloaded to processor 'microblaze_0'.
03:33:44 INFO  : ----------------XSDB Script----------------
connect -url tcp:127.0.0.1:3121
configparams mdm-detect-bscan-mask 2
targets -set -nocase -filter {name =~ "microblaze*#0" && bscan=="USER2"  && jtag_cable_name =~ "Digilent Arty 210319A7664EA"} -index 0
rst -processor
targets -set -nocase -filter {name =~ "microblaze*#0" && bscan=="USER2"  && jtag_cable_name =~ "Digilent Arty 210319A7664EA"} -index 0
dow /root/Development/microblaze_uart/microblaze_uart.sdk/uart_interrupts/Debug/uart_interrupts.elf
----------------End of Script----------------

03:33:44 INFO  : Memory regions updated for context PA
03:33:44 INFO  : Memory regions updated for context PA
03:33:44 INFO  : Context for processor 'microblaze_0' is selected.
03:33:44 INFO  : 'con' command is executed.
03:33:44 INFO  : ----------------XSDB Script (After Launch)----------------
targets -set -nocase -filter {name =~ "microblaze*#0" && bscan=="USER2"  && jtag_cable_name =~ "Digilent Arty 210319A7664EA"} -index 0
con
----------------End of Script----------------

03:33:44 INFO  : Launch script is exported to file '/root/Development/microblaze_uart/microblaze_uart.sdk/.sdk/launch_scripts/xilinx_c-c++_application_(system_debugger)/system_debugger_using_debug_uart_interrupts.elf_on_local.tcl'
03:36:07 INFO  : Example project uart_interrupts_bsp_xuartlite_intr_example_1 has been created successfully.
03:36:24 INFO  : Disconnected from the channel tcfchan#13.
03:36:26 INFO  : 'targets -set -filter {jtag_cable_name =~ "Digilent Arty 210319A7664EA" && level==0} -index 0' command is executed.
03:36:26 INFO  : 'fpga -state' command is executed.
03:36:26 INFO  : Connected to target on host '127.0.0.1' and port '3121'.
03:36:26 INFO  : Jtag cable 'Digilent Arty 210319A7664EA' is selected.
03:36:26 INFO  : 'jtag frequency' command is executed.
03:36:26 INFO  : 'configparams mdm-detect-bscan-mask 2' command is executed.
03:36:26 INFO  : Context for processor 'microblaze_0' is selected.
03:36:26 INFO  : Processor reset is completed for 'microblaze_0'.
03:36:26 INFO  : Context for processor 'microblaze_0' is selected.
03:36:26 INFO  : The application '/root/Development/microblaze_uart/microblaze_uart.sdk/uart_interrupts/Debug/uart_interrupts.elf' is downloaded to processor 'microblaze_0'.
03:36:26 INFO  : ----------------XSDB Script----------------
connect -url tcp:127.0.0.1:3121
configparams mdm-detect-bscan-mask 2
targets -set -nocase -filter {name =~ "microblaze*#0" && bscan=="USER2"  && jtag_cable_name =~ "Digilent Arty 210319A7664EA"} -index 0
rst -processor
targets -set -nocase -filter {name =~ "microblaze*#0" && bscan=="USER2"  && jtag_cable_name =~ "Digilent Arty 210319A7664EA"} -index 0
dow /root/Development/microblaze_uart/microblaze_uart.sdk/uart_interrupts/Debug/uart_interrupts.elf
----------------End of Script----------------

03:36:27 INFO  : Memory regions updated for context PA
03:36:27 INFO  : Memory regions updated for context PA
03:36:27 INFO  : Context for processor 'microblaze_0' is selected.
03:36:27 INFO  : 'con' command is executed.
03:36:27 INFO  : ----------------XSDB Script (After Launch)----------------
targets -set -nocase -filter {name =~ "microblaze*#0" && bscan=="USER2"  && jtag_cable_name =~ "Digilent Arty 210319A7664EA"} -index 0
con
----------------End of Script----------------

03:36:27 INFO  : Launch script is exported to file '/root/Development/microblaze_uart/microblaze_uart.sdk/.sdk/launch_scripts/xilinx_c-c++_application_(system_debugger)/system_debugger_using_debug_uart_interrupts.elf_on_local.tcl'
03:36:36 INFO  : Disconnected from the channel tcfchan#14.
03:36:58 INFO  : 'targets -set -filter {jtag_cable_name =~ "Digilent Arty 210319A7664EA" && level==0} -index 0' command is executed.
03:36:58 INFO  : 'fpga -state' command is executed.
03:36:58 INFO  : Connected to target on host '127.0.0.1' and port '3121'.
03:36:58 INFO  : Jtag cable 'Digilent Arty 210319A7664EA' is selected.
03:36:58 INFO  : 'jtag frequency' command is executed.
03:36:58 INFO  : 'configparams mdm-detect-bscan-mask 2' command is executed.
03:36:58 INFO  : ----------------XSDB Script----------------
connect -url tcp:127.0.0.1:3121
configparams mdm-detect-bscan-mask 2
----------------End of Script----------------

03:36:59 INFO  : Memory regions updated for context PA
03:36:59 INFO  : Memory regions updated for context PA
03:36:59 INFO  : Launch script is exported to file '/root/Development/microblaze_uart/microblaze_uart.sdk/.sdk/launch_scripts/xilinx_c-c++_application_(system_debugger)/system_debugger_using_debug_uart_interrupts_bsp_xgpio_low_level_example_1.elf_on_local.tcl'
03:37:20 INFO  : Disconnected from the channel tcfchan#15.
03:38:31 INFO  : 'targets -set -filter {jtag_cable_name =~ "Digilent Arty 210319A7664EA" && level==0} -index 0' command is executed.
03:38:31 INFO  : 'fpga -state' command is executed.
03:38:31 INFO  : Connected to target on host '127.0.0.1' and port '3121'.
03:38:31 INFO  : Jtag cable 'Digilent Arty 210319A7664EA' is selected.
03:38:31 INFO  : 'jtag frequency' command is executed.
03:38:31 INFO  : 'configparams mdm-detect-bscan-mask 2' command is executed.
03:38:31 INFO  : Context for processor 'microblaze_0' is selected.
03:38:32 INFO  : Processor reset is completed for 'microblaze_0'.
03:38:32 INFO  : Context for processor 'microblaze_0' is selected.
03:38:32 INFO  : The application '/root/Development/microblaze_uart/microblaze_uart.sdk/uart_interrupts/Debug/uart_interrupts.elf' is downloaded to processor 'microblaze_0'.
03:38:32 INFO  : ----------------XSDB Script----------------
connect -url tcp:127.0.0.1:3121
configparams mdm-detect-bscan-mask 2
targets -set -nocase -filter {name =~ "microblaze*#0" && bscan=="USER2"  && jtag_cable_name =~ "Digilent Arty 210319A7664EA"} -index 0
rst -processor
targets -set -nocase -filter {name =~ "microblaze*#0" && bscan=="USER2"  && jtag_cable_name =~ "Digilent Arty 210319A7664EA"} -index 0
dow /root/Development/microblaze_uart/microblaze_uart.sdk/uart_interrupts/Debug/uart_interrupts.elf
----------------End of Script----------------

03:38:32 INFO  : Memory regions updated for context PA
03:38:32 INFO  : Memory regions updated for context PA
03:38:33 INFO  : Context for processor 'microblaze_0' is selected.
03:38:33 INFO  : 'con' command is executed.
03:38:33 INFO  : ----------------XSDB Script (After Launch)----------------
targets -set -nocase -filter {name =~ "microblaze*#0" && bscan=="USER2"  && jtag_cable_name =~ "Digilent Arty 210319A7664EA"} -index 0
con
----------------End of Script----------------

03:38:33 INFO  : Launch script is exported to file '/root/Development/microblaze_uart/microblaze_uart.sdk/.sdk/launch_scripts/xilinx_c-c++_application_(system_debugger)/system_debugger_using_debug_uart_interrupts.elf_on_local.tcl'
03:38:51 INFO  : Disconnected from the channel tcfchan#16.
03:38:53 INFO  : 'targets -set -filter {jtag_cable_name =~ "Digilent Arty 210319A7664EA" && level==0} -index 0' command is executed.
03:38:53 INFO  : 'fpga -state' command is executed.
03:38:53 INFO  : Connected to target on host '127.0.0.1' and port '3121'.
03:38:53 INFO  : Jtag cable 'Digilent Arty 210319A7664EA' is selected.
03:38:53 INFO  : 'jtag frequency' command is executed.
03:38:53 INFO  : 'configparams mdm-detect-bscan-mask 2' command is executed.
03:38:53 INFO  : Context for processor 'microblaze_0' is selected.
03:38:53 INFO  : Processor reset is completed for 'microblaze_0'.
03:38:53 INFO  : Context for processor 'microblaze_0' is selected.
03:38:53 INFO  : The application '/root/Development/microblaze_uart/microblaze_uart.sdk/uart_interrupts/Debug/uart_interrupts.elf' is downloaded to processor 'microblaze_0'.
03:38:53 INFO  : ----------------XSDB Script----------------
connect -url tcp:127.0.0.1:3121
configparams mdm-detect-bscan-mask 2
targets -set -nocase -filter {name =~ "microblaze*#0" && bscan=="USER2"  && jtag_cable_name =~ "Digilent Arty 210319A7664EA"} -index 0
rst -processor
targets -set -nocase -filter {name =~ "microblaze*#0" && bscan=="USER2"  && jtag_cable_name =~ "Digilent Arty 210319A7664EA"} -index 0
dow /root/Development/microblaze_uart/microblaze_uart.sdk/uart_interrupts/Debug/uart_interrupts.elf
----------------End of Script----------------

03:38:54 INFO  : Memory regions updated for context PA
03:38:54 INFO  : Memory regions updated for context PA
03:38:54 INFO  : Context for processor 'microblaze_0' is selected.
03:38:54 INFO  : 'con' command is executed.
03:38:54 INFO  : ----------------XSDB Script (After Launch)----------------
targets -set -nocase -filter {name =~ "microblaze*#0" && bscan=="USER2"  && jtag_cable_name =~ "Digilent Arty 210319A7664EA"} -index 0
con
----------------End of Script----------------

03:38:54 INFO  : Launch script is exported to file '/root/Development/microblaze_uart/microblaze_uart.sdk/.sdk/launch_scripts/xilinx_c-c++_application_(system_debugger)/system_debugger_using_debug_uart_interrupts.elf_on_local.tcl'
03:39:07 INFO  : Disconnected from the channel tcfchan#17.
03:39:09 INFO  : 'targets -set -filter {jtag_cable_name =~ "Digilent Arty 210319A7664EA" && level==0} -index 0' command is executed.
03:39:09 INFO  : 'fpga -state' command is executed.
03:39:09 INFO  : Connected to target on host '127.0.0.1' and port '3121'.
03:39:09 INFO  : Jtag cable 'Digilent Arty 210319A7664EA' is selected.
03:39:09 INFO  : 'jtag frequency' command is executed.
03:39:09 INFO  : 'configparams mdm-detect-bscan-mask 2' command is executed.
03:39:09 INFO  : Context for processor 'microblaze_0' is selected.
03:39:09 INFO  : Processor reset is completed for 'microblaze_0'.
03:39:09 INFO  : Context for processor 'microblaze_0' is selected.
03:39:09 INFO  : The application '/root/Development/microblaze_uart/microblaze_uart.sdk/uart_interrupts/Debug/uart_interrupts.elf' is downloaded to processor 'microblaze_0'.
03:39:09 INFO  : ----------------XSDB Script----------------
connect -url tcp:127.0.0.1:3121
configparams mdm-detect-bscan-mask 2
targets -set -nocase -filter {name =~ "microblaze*#0" && bscan=="USER2"  && jtag_cable_name =~ "Digilent Arty 210319A7664EA"} -index 0
rst -processor
targets -set -nocase -filter {name =~ "microblaze*#0" && bscan=="USER2"  && jtag_cable_name =~ "Digilent Arty 210319A7664EA"} -index 0
dow /root/Development/microblaze_uart/microblaze_uart.sdk/uart_interrupts/Debug/uart_interrupts.elf
----------------End of Script----------------

03:39:10 INFO  : Memory regions updated for context PA
03:39:10 INFO  : Memory regions updated for context PA
03:39:10 INFO  : Context for processor 'microblaze_0' is selected.
03:39:10 INFO  : 'con' command is executed.
03:39:10 INFO  : ----------------XSDB Script (After Launch)----------------
targets -set -nocase -filter {name =~ "microblaze*#0" && bscan=="USER2"  && jtag_cable_name =~ "Digilent Arty 210319A7664EA"} -index 0
con
----------------End of Script----------------

03:39:10 INFO  : Launch script is exported to file '/root/Development/microblaze_uart/microblaze_uart.sdk/.sdk/launch_scripts/xilinx_c-c++_application_(system_debugger)/system_debugger_using_debug_uart_interrupts.elf_on_local.tcl'
05:57:20 INFO  : Disconnected from the channel tcfchan#18.
05:57:22 INFO  : 'targets -set -filter {jtag_cable_name =~ "Digilent Arty 210319A7664EA" && level==0} -index 0' command is executed.
05:57:22 INFO  : 'fpga -state' command is executed.
05:57:22 INFO  : Connected to target on host '127.0.0.1' and port '3121'.
05:57:22 INFO  : Jtag cable 'Digilent Arty 210319A7664EA' is selected.
05:57:22 INFO  : 'jtag frequency' command is executed.
05:57:22 INFO  : 'configparams mdm-detect-bscan-mask 2' command is executed.
05:57:22 INFO  : Context for processor 'microblaze_0' is selected.
05:57:22 INFO  : Processor reset is completed for 'microblaze_0'.
05:57:22 INFO  : Context for processor 'microblaze_0' is selected.
05:57:22 INFO  : The application '/root/Development/microblaze_uart/microblaze_uart.sdk/uart_interrupts/Debug/uart_interrupts.elf' is downloaded to processor 'microblaze_0'.
05:57:22 INFO  : ----------------XSDB Script----------------
connect -url tcp:127.0.0.1:3121
configparams mdm-detect-bscan-mask 2
targets -set -nocase -filter {name =~ "microblaze*#0" && bscan=="USER2"  && jtag_cable_name =~ "Digilent Arty 210319A7664EA"} -index 0
rst -processor
targets -set -nocase -filter {name =~ "microblaze*#0" && bscan=="USER2"  && jtag_cable_name =~ "Digilent Arty 210319A7664EA"} -index 0
dow /root/Development/microblaze_uart/microblaze_uart.sdk/uart_interrupts/Debug/uart_interrupts.elf
----------------End of Script----------------

05:57:23 INFO  : Memory regions updated for context PA
05:57:23 INFO  : Memory regions updated for context PA
05:57:23 INFO  : Context for processor 'microblaze_0' is selected.
05:57:23 INFO  : 'con' command is executed.
05:57:23 INFO  : ----------------XSDB Script (After Launch)----------------
targets -set -nocase -filter {name =~ "microblaze*#0" && bscan=="USER2"  && jtag_cable_name =~ "Digilent Arty 210319A7664EA"} -index 0
con
----------------End of Script----------------

05:57:23 INFO  : Launch script is exported to file '/root/Development/microblaze_uart/microblaze_uart.sdk/.sdk/launch_scripts/xilinx_c-c++_application_(system_debugger)/system_debugger_using_debug_uart_interrupts.elf_on_local.tcl'
06:07:09 INFO  : Example project uart_interrupts_bsp_xuartlite_intr_example_1 has been created successfully.
06:07:51 INFO  : Disconnected from the channel tcfchan#19.
06:09:21 INFO  : 'targets -set -filter {jtag_cable_name =~ "Digilent Arty 210319A7664EA" && level==0} -index 0' command is executed.
06:09:21 INFO  : 'fpga -state' command is executed.
06:09:21 INFO  : Connected to target on host '127.0.0.1' and port '3121'.
06:09:21 INFO  : Jtag cable 'Digilent Arty 210319A7664EA' is selected.
06:09:21 INFO  : 'jtag frequency' command is executed.
06:09:21 INFO  : 'configparams mdm-detect-bscan-mask 2' command is executed.
06:09:21 INFO  : Context for processor 'microblaze_0' is selected.
06:09:22 INFO  : Processor reset is completed for 'microblaze_0'.
06:09:22 INFO  : Context for processor 'microblaze_0' is selected.
06:09:22 INFO  : The application '/root/Development/microblaze_uart/microblaze_uart.sdk/uart_interrupts_bsp_xuartlite_intr_example_1/Debug/uart_interrupts_bsp_xuartlite_intr_example_1.elf' is downloaded to processor 'microblaze_0'.
06:09:22 INFO  : ----------------XSDB Script----------------
connect -url tcp:127.0.0.1:3121
configparams mdm-detect-bscan-mask 2
targets -set -nocase -filter {name =~ "microblaze*#0" && bscan=="USER2"  && jtag_cable_name =~ "Digilent Arty 210319A7664EA"} -index 0
rst -processor
targets -set -nocase -filter {name =~ "microblaze*#0" && bscan=="USER2"  && jtag_cable_name =~ "Digilent Arty 210319A7664EA"} -index 0
dow /root/Development/microblaze_uart/microblaze_uart.sdk/uart_interrupts_bsp_xuartlite_intr_example_1/Debug/uart_interrupts_bsp_xuartlite_intr_example_1.elf
----------------End of Script----------------

06:09:22 INFO  : Memory regions updated for context PA
06:09:22 INFO  : Memory regions updated for context PA
06:09:22 INFO  : Context for processor 'microblaze_0' is selected.
06:09:22 INFO  : 'con' command is executed.
06:09:22 INFO  : ----------------XSDB Script (After Launch)----------------
targets -set -nocase -filter {name =~ "microblaze*#0" && bscan=="USER2"  && jtag_cable_name =~ "Digilent Arty 210319A7664EA"} -index 0
con
----------------End of Script----------------

06:09:22 INFO  : Launch script is exported to file '/root/Development/microblaze_uart/microblaze_uart.sdk/.sdk/launch_scripts/xilinx_c-c++_application_(system_debugger)/system_debugger_using_debug_uart_interrupts_bsp_xuartlite_intr_example_1.elf_on_local.tcl'
06:14:50 INFO  : Disconnected from the channel tcfchan#20.
06:14:52 INFO  : 'targets -set -filter {jtag_cable_name =~ "Digilent Arty 210319A7664EA" && level==0} -index 0' command is executed.
06:14:52 INFO  : 'fpga -state' command is executed.
06:14:52 INFO  : Connected to target on host '127.0.0.1' and port '3121'.
06:14:52 INFO  : Jtag cable 'Digilent Arty 210319A7664EA' is selected.
06:14:52 INFO  : 'jtag frequency' command is executed.
06:14:52 INFO  : 'configparams mdm-detect-bscan-mask 2' command is executed.
06:14:52 INFO  : Context for processor 'microblaze_0' is selected.
06:14:52 INFO  : Processor reset is completed for 'microblaze_0'.
06:14:52 INFO  : Context for processor 'microblaze_0' is selected.
06:14:53 INFO  : The application '/root/Development/microblaze_uart/microblaze_uart.sdk/uart_interrupts_bsp_xuartlite_intr_example_1/Debug/uart_interrupts_bsp_xuartlite_intr_example_1.elf' is downloaded to processor 'microblaze_0'.
06:14:53 INFO  : ----------------XSDB Script----------------
connect -url tcp:127.0.0.1:3121
configparams mdm-detect-bscan-mask 2
targets -set -nocase -filter {name =~ "microblaze*#0" && bscan=="USER2"  && jtag_cable_name =~ "Digilent Arty 210319A7664EA"} -index 0
rst -processor
targets -set -nocase -filter {name =~ "microblaze*#0" && bscan=="USER2"  && jtag_cable_name =~ "Digilent Arty 210319A7664EA"} -index 0
dow /root/Development/microblaze_uart/microblaze_uart.sdk/uart_interrupts_bsp_xuartlite_intr_example_1/Debug/uart_interrupts_bsp_xuartlite_intr_example_1.elf
----------------End of Script----------------

06:14:53 INFO  : Memory regions updated for context PA
06:14:53 INFO  : Memory regions updated for context PA
06:14:53 INFO  : Context for processor 'microblaze_0' is selected.
06:14:53 INFO  : 'con' command is executed.
06:14:53 INFO  : ----------------XSDB Script (After Launch)----------------
targets -set -nocase -filter {name =~ "microblaze*#0" && bscan=="USER2"  && jtag_cable_name =~ "Digilent Arty 210319A7664EA"} -index 0
con
----------------End of Script----------------

06:14:53 INFO  : Launch script is exported to file '/root/Development/microblaze_uart/microblaze_uart.sdk/.sdk/launch_scripts/xilinx_c-c++_application_(system_debugger)/system_debugger_using_debug_uart_interrupts_bsp_xuartlite_intr_example_1.elf_on_local.tcl'
06:15:08 INFO  : Disconnected from the channel tcfchan#21.
06:15:09 INFO  : 'targets -set -filter {jtag_cable_name =~ "Digilent Arty 210319A7664EA" && level==0} -index 0' command is executed.
06:15:09 INFO  : 'fpga -state' command is executed.
06:15:09 INFO  : Connected to target on host '127.0.0.1' and port '3121'.
06:15:09 INFO  : Jtag cable 'Digilent Arty 210319A7664EA' is selected.
06:15:09 INFO  : 'jtag frequency' command is executed.
06:15:09 INFO  : 'configparams mdm-detect-bscan-mask 2' command is executed.
06:15:09 INFO  : Context for processor 'microblaze_0' is selected.
06:15:10 INFO  : Processor reset is completed for 'microblaze_0'.
06:15:10 INFO  : Context for processor 'microblaze_0' is selected.
06:15:10 INFO  : The application '/root/Development/microblaze_uart/microblaze_uart.sdk/uart_interrupts/Debug/uart_interrupts.elf' is downloaded to processor 'microblaze_0'.
06:15:10 INFO  : ----------------XSDB Script----------------
connect -url tcp:127.0.0.1:3121
configparams mdm-detect-bscan-mask 2
targets -set -nocase -filter {name =~ "microblaze*#0" && bscan=="USER2"  && jtag_cable_name =~ "Digilent Arty 210319A7664EA"} -index 0
rst -processor
targets -set -nocase -filter {name =~ "microblaze*#0" && bscan=="USER2"  && jtag_cable_name =~ "Digilent Arty 210319A7664EA"} -index 0
dow /root/Development/microblaze_uart/microblaze_uart.sdk/uart_interrupts/Debug/uart_interrupts.elf
----------------End of Script----------------

06:15:10 INFO  : Memory regions updated for context PA
06:15:10 INFO  : Memory regions updated for context PA
06:15:10 INFO  : Context for processor 'microblaze_0' is selected.
06:15:10 INFO  : 'con' command is executed.
06:15:10 INFO  : ----------------XSDB Script (After Launch)----------------
targets -set -nocase -filter {name =~ "microblaze*#0" && bscan=="USER2"  && jtag_cable_name =~ "Digilent Arty 210319A7664EA"} -index 0
con
----------------End of Script----------------

06:15:10 INFO  : Launch script is exported to file '/root/Development/microblaze_uart/microblaze_uart.sdk/.sdk/launch_scripts/xilinx_c-c++_application_(system_debugger)/system_debugger_using_debug_uart_interrupts.elf_on_local.tcl'
06:21:21 INFO  : Disconnected from the channel tcfchan#22.
06:21:23 INFO  : 'targets -set -filter {jtag_cable_name =~ "Digilent Arty 210319A7664EA" && level==0} -index 0' command is executed.
06:21:23 INFO  : 'fpga -state' command is executed.
06:21:23 INFO  : Connected to target on host '127.0.0.1' and port '3121'.
06:21:23 INFO  : Jtag cable 'Digilent Arty 210319A7664EA' is selected.
06:21:23 INFO  : 'jtag frequency' command is executed.
06:21:23 INFO  : 'configparams mdm-detect-bscan-mask 2' command is executed.
06:21:23 INFO  : Context for processor 'microblaze_0' is selected.
06:21:23 INFO  : Processor reset is completed for 'microblaze_0'.
06:21:23 INFO  : Context for processor 'microblaze_0' is selected.
06:21:24 INFO  : The application '/root/Development/microblaze_uart/microblaze_uart.sdk/uart_interrupts/Debug/uart_interrupts.elf' is downloaded to processor 'microblaze_0'.
06:21:24 INFO  : ----------------XSDB Script----------------
connect -url tcp:127.0.0.1:3121
configparams mdm-detect-bscan-mask 2
targets -set -nocase -filter {name =~ "microblaze*#0" && bscan=="USER2"  && jtag_cable_name =~ "Digilent Arty 210319A7664EA"} -index 0
rst -processor
targets -set -nocase -filter {name =~ "microblaze*#0" && bscan=="USER2"  && jtag_cable_name =~ "Digilent Arty 210319A7664EA"} -index 0
dow /root/Development/microblaze_uart/microblaze_uart.sdk/uart_interrupts/Debug/uart_interrupts.elf
----------------End of Script----------------

06:21:24 INFO  : Memory regions updated for context PA
06:21:24 INFO  : Memory regions updated for context PA
06:21:24 INFO  : Context for processor 'microblaze_0' is selected.
06:21:24 INFO  : 'con' command is executed.
06:21:24 INFO  : ----------------XSDB Script (After Launch)----------------
targets -set -nocase -filter {name =~ "microblaze*#0" && bscan=="USER2"  && jtag_cable_name =~ "Digilent Arty 210319A7664EA"} -index 0
con
----------------End of Script----------------

06:21:24 INFO  : Launch script is exported to file '/root/Development/microblaze_uart/microblaze_uart.sdk/.sdk/launch_scripts/xilinx_c-c++_application_(system_debugger)/system_debugger_using_debug_uart_interrupts.elf_on_local.tcl'
06:21:56 INFO  : Disconnected from the channel tcfchan#23.
06:21:57 INFO  : 'targets -set -filter {jtag_cable_name =~ "Digilent Arty 210319A7664EA" && level==0} -index 0' command is executed.
06:21:57 INFO  : 'fpga -state' command is executed.
06:21:57 INFO  : Connected to target on host '127.0.0.1' and port '3121'.
06:21:58 INFO  : Jtag cable 'Digilent Arty 210319A7664EA' is selected.
06:21:58 INFO  : 'jtag frequency' command is executed.
06:21:58 INFO  : 'configparams mdm-detect-bscan-mask 2' command is executed.
06:21:58 INFO  : Context for processor 'microblaze_0' is selected.
06:21:58 INFO  : Processor reset is completed for 'microblaze_0'.
06:21:58 INFO  : Context for processor 'microblaze_0' is selected.
06:21:58 INFO  : The application '/root/Development/microblaze_uart/microblaze_uart.sdk/uart_interrupts/Debug/uart_interrupts.elf' is downloaded to processor 'microblaze_0'.
06:21:58 INFO  : ----------------XSDB Script----------------
connect -url tcp:127.0.0.1:3121
configparams mdm-detect-bscan-mask 2
targets -set -nocase -filter {name =~ "microblaze*#0" && bscan=="USER2"  && jtag_cable_name =~ "Digilent Arty 210319A7664EA"} -index 0
rst -processor
targets -set -nocase -filter {name =~ "microblaze*#0" && bscan=="USER2"  && jtag_cable_name =~ "Digilent Arty 210319A7664EA"} -index 0
dow /root/Development/microblaze_uart/microblaze_uart.sdk/uart_interrupts/Debug/uart_interrupts.elf
----------------End of Script----------------

06:21:59 INFO  : Memory regions updated for context PA
06:21:59 INFO  : Memory regions updated for context PA
06:21:59 INFO  : Context for processor 'microblaze_0' is selected.
06:21:59 INFO  : 'con' command is executed.
06:21:59 INFO  : ----------------XSDB Script (After Launch)----------------
targets -set -nocase -filter {name =~ "microblaze*#0" && bscan=="USER2"  && jtag_cable_name =~ "Digilent Arty 210319A7664EA"} -index 0
con
----------------End of Script----------------

06:21:59 INFO  : Launch script is exported to file '/root/Development/microblaze_uart/microblaze_uart.sdk/.sdk/launch_scripts/xilinx_c-c++_application_(system_debugger)/system_debugger_using_debug_uart_interrupts.elf_on_local.tcl'
06:22:24 INFO  : Disconnected from the channel tcfchan#24.
06:22:26 INFO  : 'targets -set -filter {jtag_cable_name =~ "Digilent Arty 210319A7664EA" && level==0} -index 0' command is executed.
06:22:26 INFO  : 'fpga -state' command is executed.
06:22:26 INFO  : Connected to target on host '127.0.0.1' and port '3121'.
06:22:26 INFO  : Jtag cable 'Digilent Arty 210319A7664EA' is selected.
06:22:26 INFO  : 'jtag frequency' command is executed.
06:22:26 INFO  : 'configparams mdm-detect-bscan-mask 2' command is executed.
06:22:26 INFO  : Context for processor 'microblaze_0' is selected.
06:22:26 INFO  : Processor reset is completed for 'microblaze_0'.
06:22:26 INFO  : Context for processor 'microblaze_0' is selected.
06:22:27 INFO  : The application '/root/Development/microblaze_uart/microblaze_uart.sdk/uart_interrupts/Debug/uart_interrupts.elf' is downloaded to processor 'microblaze_0'.
06:22:27 INFO  : ----------------XSDB Script----------------
connect -url tcp:127.0.0.1:3121
configparams mdm-detect-bscan-mask 2
targets -set -nocase -filter {name =~ "microblaze*#0" && bscan=="USER2"  && jtag_cable_name =~ "Digilent Arty 210319A7664EA"} -index 0
rst -processor
targets -set -nocase -filter {name =~ "microblaze*#0" && bscan=="USER2"  && jtag_cable_name =~ "Digilent Arty 210319A7664EA"} -index 0
dow /root/Development/microblaze_uart/microblaze_uart.sdk/uart_interrupts/Debug/uart_interrupts.elf
----------------End of Script----------------

06:22:27 INFO  : Memory regions updated for context PA
06:22:27 INFO  : Memory regions updated for context PA
06:22:27 INFO  : Context for processor 'microblaze_0' is selected.
06:22:27 INFO  : 'con' command is executed.
06:22:27 INFO  : ----------------XSDB Script (After Launch)----------------
targets -set -nocase -filter {name =~ "microblaze*#0" && bscan=="USER2"  && jtag_cable_name =~ "Digilent Arty 210319A7664EA"} -index 0
con
----------------End of Script----------------

06:22:27 INFO  : Launch script is exported to file '/root/Development/microblaze_uart/microblaze_uart.sdk/.sdk/launch_scripts/xilinx_c-c++_application_(system_debugger)/system_debugger_using_debug_uart_interrupts.elf_on_local.tcl'
06:23:27 INFO  : Disconnected from the channel tcfchan#25.
06:23:28 INFO  : 'targets -set -filter {jtag_cable_name =~ "Digilent Arty 210319A7664EA" && level==0} -index 0' command is executed.
06:23:28 INFO  : 'fpga -state' command is executed.
06:23:28 INFO  : Connected to target on host '127.0.0.1' and port '3121'.
06:23:28 INFO  : Jtag cable 'Digilent Arty 210319A7664EA' is selected.
06:23:28 INFO  : 'jtag frequency' command is executed.
06:23:28 INFO  : 'configparams mdm-detect-bscan-mask 2' command is executed.
06:23:28 INFO  : Context for processor 'microblaze_0' is selected.
06:23:29 INFO  : Processor reset is completed for 'microblaze_0'.
06:23:29 INFO  : Context for processor 'microblaze_0' is selected.
06:23:29 INFO  : The application '/root/Development/microblaze_uart/microblaze_uart.sdk/uart_interrupts/Debug/uart_interrupts.elf' is downloaded to processor 'microblaze_0'.
06:23:29 INFO  : ----------------XSDB Script----------------
connect -url tcp:127.0.0.1:3121
configparams mdm-detect-bscan-mask 2
targets -set -nocase -filter {name =~ "microblaze*#0" && bscan=="USER2"  && jtag_cable_name =~ "Digilent Arty 210319A7664EA"} -index 0
rst -processor
targets -set -nocase -filter {name =~ "microblaze*#0" && bscan=="USER2"  && jtag_cable_name =~ "Digilent Arty 210319A7664EA"} -index 0
dow /root/Development/microblaze_uart/microblaze_uart.sdk/uart_interrupts/Debug/uart_interrupts.elf
----------------End of Script----------------

06:23:29 INFO  : Memory regions updated for context PA
06:23:29 INFO  : Memory regions updated for context PA
06:23:29 INFO  : Context for processor 'microblaze_0' is selected.
06:23:29 INFO  : 'con' command is executed.
06:23:29 INFO  : ----------------XSDB Script (After Launch)----------------
targets -set -nocase -filter {name =~ "microblaze*#0" && bscan=="USER2"  && jtag_cable_name =~ "Digilent Arty 210319A7664EA"} -index 0
con
----------------End of Script----------------

06:23:29 INFO  : Launch script is exported to file '/root/Development/microblaze_uart/microblaze_uart.sdk/.sdk/launch_scripts/xilinx_c-c++_application_(system_debugger)/system_debugger_using_debug_uart_interrupts.elf_on_local.tcl'
06:23:58 INFO  : Disconnected from the channel tcfchan#26.
06:23:59 INFO  : 'targets -set -filter {jtag_cable_name =~ "Digilent Arty 210319A7664EA" && level==0} -index 0' command is executed.
06:23:59 INFO  : 'fpga -state' command is executed.
06:23:59 INFO  : Connected to target on host '127.0.0.1' and port '3121'.
06:23:59 INFO  : Jtag cable 'Digilent Arty 210319A7664EA' is selected.
06:23:59 INFO  : 'jtag frequency' command is executed.
06:23:59 INFO  : 'configparams mdm-detect-bscan-mask 2' command is executed.
06:24:00 INFO  : Context for processor 'microblaze_0' is selected.
06:24:00 INFO  : Processor reset is completed for 'microblaze_0'.
06:24:00 INFO  : Context for processor 'microblaze_0' is selected.
06:24:00 INFO  : The application '/root/Development/microblaze_uart/microblaze_uart.sdk/uart_interrupts/Debug/uart_interrupts.elf' is downloaded to processor 'microblaze_0'.
06:24:00 INFO  : ----------------XSDB Script----------------
connect -url tcp:127.0.0.1:3121
configparams mdm-detect-bscan-mask 2
targets -set -nocase -filter {name =~ "microblaze*#0" && bscan=="USER2"  && jtag_cable_name =~ "Digilent Arty 210319A7664EA"} -index 0
rst -processor
targets -set -nocase -filter {name =~ "microblaze*#0" && bscan=="USER2"  && jtag_cable_name =~ "Digilent Arty 210319A7664EA"} -index 0
dow /root/Development/microblaze_uart/microblaze_uart.sdk/uart_interrupts/Debug/uart_interrupts.elf
----------------End of Script----------------

06:24:00 INFO  : Memory regions updated for context PA
06:24:00 INFO  : Memory regions updated for context PA
06:24:01 INFO  : Context for processor 'microblaze_0' is selected.
06:24:01 INFO  : 'con' command is executed.
06:24:01 INFO  : ----------------XSDB Script (After Launch)----------------
targets -set -nocase -filter {name =~ "microblaze*#0" && bscan=="USER2"  && jtag_cable_name =~ "Digilent Arty 210319A7664EA"} -index 0
con
----------------End of Script----------------

06:24:01 INFO  : Launch script is exported to file '/root/Development/microblaze_uart/microblaze_uart.sdk/.sdk/launch_scripts/xilinx_c-c++_application_(system_debugger)/system_debugger_using_debug_uart_interrupts.elf_on_local.tcl'
06:57:52 INFO  : Disconnected from the channel tcfchan#27.
06:57:54 INFO  : 'targets -set -filter {jtag_cable_name =~ "Digilent Arty 210319A7664EA" && level==0} -index 0' command is executed.
06:57:54 INFO  : 'fpga -state' command is executed.
06:57:54 INFO  : Connected to target on host '127.0.0.1' and port '3121'.
06:57:54 INFO  : Jtag cable 'Digilent Arty 210319A7664EA' is selected.
06:57:54 INFO  : 'jtag frequency' command is executed.
06:57:54 INFO  : 'configparams mdm-detect-bscan-mask 2' command is executed.
06:57:54 INFO  : Context for processor 'microblaze_0' is selected.
06:57:54 INFO  : Processor reset is completed for 'microblaze_0'.
06:57:54 INFO  : Context for processor 'microblaze_0' is selected.
06:57:54 INFO  : The application '/root/Development/microblaze_uart/microblaze_uart.sdk/uart_interrupts/Debug/uart_interrupts.elf' is downloaded to processor 'microblaze_0'.
06:57:54 INFO  : ----------------XSDB Script----------------
connect -url tcp:127.0.0.1:3121
configparams mdm-detect-bscan-mask 2
targets -set -nocase -filter {name =~ "microblaze*#0" && bscan=="USER2"  && jtag_cable_name =~ "Digilent Arty 210319A7664EA"} -index 0
rst -processor
targets -set -nocase -filter {name =~ "microblaze*#0" && bscan=="USER2"  && jtag_cable_name =~ "Digilent Arty 210319A7664EA"} -index 0
dow /root/Development/microblaze_uart/microblaze_uart.sdk/uart_interrupts/Debug/uart_interrupts.elf
----------------End of Script----------------

06:57:55 INFO  : Memory regions updated for context PA
06:57:55 INFO  : Memory regions updated for context PA
06:57:55 INFO  : Context for processor 'microblaze_0' is selected.
06:57:55 INFO  : 'con' command is executed.
06:57:55 INFO  : ----------------XSDB Script (After Launch)----------------
targets -set -nocase -filter {name =~ "microblaze*#0" && bscan=="USER2"  && jtag_cable_name =~ "Digilent Arty 210319A7664EA"} -index 0
con
----------------End of Script----------------

06:57:55 INFO  : Launch script is exported to file '/root/Development/microblaze_uart/microblaze_uart.sdk/.sdk/launch_scripts/xilinx_c-c++_application_(system_debugger)/system_debugger_using_debug_uart_interrupts.elf_on_local.tcl'
06:58:47 INFO  : Disconnected from the channel tcfchan#28.
06:58:48 INFO  : 'targets -set -filter {jtag_cable_name =~ "Digilent Arty 210319A7664EA" && level==0} -index 0' command is executed.
06:58:48 INFO  : 'fpga -state' command is executed.
06:58:48 INFO  : Connected to target on host '127.0.0.1' and port '3121'.
06:58:49 INFO  : Jtag cable 'Digilent Arty 210319A7664EA' is selected.
06:58:49 INFO  : 'jtag frequency' command is executed.
06:58:49 INFO  : 'configparams mdm-detect-bscan-mask 2' command is executed.
06:58:49 INFO  : Context for processor 'microblaze_0' is selected.
06:58:49 INFO  : Processor reset is completed for 'microblaze_0'.
06:58:49 INFO  : Context for processor 'microblaze_0' is selected.
06:58:49 INFO  : The application '/root/Development/microblaze_uart/microblaze_uart.sdk/uart_interrupts/Debug/uart_interrupts.elf' is downloaded to processor 'microblaze_0'.
06:58:49 INFO  : ----------------XSDB Script----------------
connect -url tcp:127.0.0.1:3121
configparams mdm-detect-bscan-mask 2
targets -set -nocase -filter {name =~ "microblaze*#0" && bscan=="USER2"  && jtag_cable_name =~ "Digilent Arty 210319A7664EA"} -index 0
rst -processor
targets -set -nocase -filter {name =~ "microblaze*#0" && bscan=="USER2"  && jtag_cable_name =~ "Digilent Arty 210319A7664EA"} -index 0
dow /root/Development/microblaze_uart/microblaze_uart.sdk/uart_interrupts/Debug/uart_interrupts.elf
----------------End of Script----------------

06:58:50 INFO  : Memory regions updated for context PA
06:58:50 INFO  : Memory regions updated for context PA
06:58:50 INFO  : Context for processor 'microblaze_0' is selected.
06:58:50 INFO  : 'con' command is executed.
06:58:50 INFO  : ----------------XSDB Script (After Launch)----------------
targets -set -nocase -filter {name =~ "microblaze*#0" && bscan=="USER2"  && jtag_cable_name =~ "Digilent Arty 210319A7664EA"} -index 0
con
----------------End of Script----------------

06:58:50 INFO  : Launch script is exported to file '/root/Development/microblaze_uart/microblaze_uart.sdk/.sdk/launch_scripts/xilinx_c-c++_application_(system_debugger)/system_debugger_using_debug_uart_interrupts.elf_on_local.tcl'
06:58:58 INFO  : Disconnected from the channel tcfchan#29.
06:58:59 INFO  : 'targets -set -filter {jtag_cable_name =~ "Digilent Arty 210319A7664EA" && level==0} -index 0' command is executed.
06:58:59 INFO  : 'fpga -state' command is executed.
06:58:59 INFO  : Connected to target on host '127.0.0.1' and port '3121'.
06:58:59 INFO  : Jtag cable 'Digilent Arty 210319A7664EA' is selected.
06:58:59 INFO  : 'jtag frequency' command is executed.
06:58:59 INFO  : 'configparams mdm-detect-bscan-mask 2' command is executed.
06:59:00 INFO  : Context for processor 'microblaze_0' is selected.
06:59:00 INFO  : Processor reset is completed for 'microblaze_0'.
06:59:00 INFO  : Context for processor 'microblaze_0' is selected.
06:59:00 INFO  : The application '/root/Development/microblaze_uart/microblaze_uart.sdk/uart_interrupts/Debug/uart_interrupts.elf' is downloaded to processor 'microblaze_0'.
06:59:00 INFO  : ----------------XSDB Script----------------
connect -url tcp:127.0.0.1:3121
configparams mdm-detect-bscan-mask 2
targets -set -nocase -filter {name =~ "microblaze*#0" && bscan=="USER2"  && jtag_cable_name =~ "Digilent Arty 210319A7664EA"} -index 0
rst -processor
targets -set -nocase -filter {name =~ "microblaze*#0" && bscan=="USER2"  && jtag_cable_name =~ "Digilent Arty 210319A7664EA"} -index 0
dow /root/Development/microblaze_uart/microblaze_uart.sdk/uart_interrupts/Debug/uart_interrupts.elf
----------------End of Script----------------

06:59:00 INFO  : Memory regions updated for context PA
06:59:00 INFO  : Memory regions updated for context PA
06:59:01 INFO  : Context for processor 'microblaze_0' is selected.
06:59:01 INFO  : 'con' command is executed.
06:59:01 INFO  : ----------------XSDB Script (After Launch)----------------
targets -set -nocase -filter {name =~ "microblaze*#0" && bscan=="USER2"  && jtag_cable_name =~ "Digilent Arty 210319A7664EA"} -index 0
con
----------------End of Script----------------

06:59:01 INFO  : Launch script is exported to file '/root/Development/microblaze_uart/microblaze_uart.sdk/.sdk/launch_scripts/xilinx_c-c++_application_(system_debugger)/system_debugger_using_debug_uart_interrupts.elf_on_local.tcl'
06:59:03 INFO  : Disconnected from the channel tcfchan#30.
06:59:05 INFO  : 'targets -set -filter {jtag_cable_name =~ "Digilent Arty 210319A7664EA" && level==0} -index 0' command is executed.
06:59:05 INFO  : 'fpga -state' command is executed.
06:59:05 INFO  : Connected to target on host '127.0.0.1' and port '3121'.
06:59:05 INFO  : Jtag cable 'Digilent Arty 210319A7664EA' is selected.
06:59:05 INFO  : 'jtag frequency' command is executed.
06:59:05 INFO  : 'configparams mdm-detect-bscan-mask 2' command is executed.
06:59:05 INFO  : Context for processor 'microblaze_0' is selected.
06:59:05 INFO  : Processor reset is completed for 'microblaze_0'.
06:59:05 INFO  : Context for processor 'microblaze_0' is selected.
06:59:06 INFO  : The application '/root/Development/microblaze_uart/microblaze_uart.sdk/uart_interrupts/Debug/uart_interrupts.elf' is downloaded to processor 'microblaze_0'.
06:59:06 INFO  : ----------------XSDB Script----------------
connect -url tcp:127.0.0.1:3121
configparams mdm-detect-bscan-mask 2
targets -set -nocase -filter {name =~ "microblaze*#0" && bscan=="USER2"  && jtag_cable_name =~ "Digilent Arty 210319A7664EA"} -index 0
rst -processor
targets -set -nocase -filter {name =~ "microblaze*#0" && bscan=="USER2"  && jtag_cable_name =~ "Digilent Arty 210319A7664EA"} -index 0
dow /root/Development/microblaze_uart/microblaze_uart.sdk/uart_interrupts/Debug/uart_interrupts.elf
----------------End of Script----------------

06:59:06 INFO  : Memory regions updated for context PA
06:59:06 INFO  : Memory regions updated for context PA
06:59:06 INFO  : Context for processor 'microblaze_0' is selected.
06:59:06 INFO  : 'con' command is executed.
06:59:06 INFO  : ----------------XSDB Script (After Launch)----------------
targets -set -nocase -filter {name =~ "microblaze*#0" && bscan=="USER2"  && jtag_cable_name =~ "Digilent Arty 210319A7664EA"} -index 0
con
----------------End of Script----------------

06:59:06 INFO  : Launch script is exported to file '/root/Development/microblaze_uart/microblaze_uart.sdk/.sdk/launch_scripts/xilinx_c-c++_application_(system_debugger)/system_debugger_using_debug_uart_interrupts.elf_on_local.tcl'
06:59:14 INFO  : Disconnected from the channel tcfchan#31.
06:59:15 INFO  : 'targets -set -filter {jtag_cable_name =~ "Digilent Arty 210319A7664EA" && level==0} -index 0' command is executed.
06:59:15 INFO  : 'fpga -state' command is executed.
06:59:15 INFO  : Connected to target on host '127.0.0.1' and port '3121'.
06:59:15 INFO  : Jtag cable 'Digilent Arty 210319A7664EA' is selected.
06:59:15 INFO  : 'jtag frequency' command is executed.
06:59:15 INFO  : 'configparams mdm-detect-bscan-mask 2' command is executed.
06:59:15 INFO  : Context for processor 'microblaze_0' is selected.
06:59:16 INFO  : Processor reset is completed for 'microblaze_0'.
06:59:16 INFO  : Context for processor 'microblaze_0' is selected.
06:59:16 INFO  : The application '/root/Development/microblaze_uart/microblaze_uart.sdk/uart_interrupts/Debug/uart_interrupts.elf' is downloaded to processor 'microblaze_0'.
06:59:16 INFO  : ----------------XSDB Script----------------
connect -url tcp:127.0.0.1:3121
configparams mdm-detect-bscan-mask 2
targets -set -nocase -filter {name =~ "microblaze*#0" && bscan=="USER2"  && jtag_cable_name =~ "Digilent Arty 210319A7664EA"} -index 0
rst -processor
targets -set -nocase -filter {name =~ "microblaze*#0" && bscan=="USER2"  && jtag_cable_name =~ "Digilent Arty 210319A7664EA"} -index 0
dow /root/Development/microblaze_uart/microblaze_uart.sdk/uart_interrupts/Debug/uart_interrupts.elf
----------------End of Script----------------

06:59:16 INFO  : Memory regions updated for context PA
06:59:16 INFO  : Memory regions updated for context PA
06:59:16 INFO  : Context for processor 'microblaze_0' is selected.
06:59:16 INFO  : 'con' command is executed.
06:59:16 INFO  : ----------------XSDB Script (After Launch)----------------
targets -set -nocase -filter {name =~ "microblaze*#0" && bscan=="USER2"  && jtag_cable_name =~ "Digilent Arty 210319A7664EA"} -index 0
con
----------------End of Script----------------

06:59:16 INFO  : Launch script is exported to file '/root/Development/microblaze_uart/microblaze_uart.sdk/.sdk/launch_scripts/xilinx_c-c++_application_(system_debugger)/system_debugger_using_debug_uart_interrupts.elf_on_local.tcl'
06:59:33 INFO  : Disconnected from the channel tcfchan#32.
06:59:35 INFO  : 'targets -set -filter {jtag_cable_name =~ "Digilent Arty 210319A7664EA" && level==0} -index 0' command is executed.
06:59:35 INFO  : 'fpga -state' command is executed.
06:59:35 INFO  : Connected to target on host '127.0.0.1' and port '3121'.
06:59:35 INFO  : Jtag cable 'Digilent Arty 210319A7664EA' is selected.
06:59:35 INFO  : 'jtag frequency' command is executed.
06:59:35 INFO  : 'configparams mdm-detect-bscan-mask 2' command is executed.
06:59:35 INFO  : Context for processor 'microblaze_0' is selected.
06:59:35 INFO  : Processor reset is completed for 'microblaze_0'.
06:59:35 INFO  : Context for processor 'microblaze_0' is selected.
06:59:35 INFO  : The application '/root/Development/microblaze_uart/microblaze_uart.sdk/uart_interrupts/Debug/uart_interrupts.elf' is downloaded to processor 'microblaze_0'.
06:59:35 INFO  : ----------------XSDB Script----------------
connect -url tcp:127.0.0.1:3121
configparams mdm-detect-bscan-mask 2
targets -set -nocase -filter {name =~ "microblaze*#0" && bscan=="USER2"  && jtag_cable_name =~ "Digilent Arty 210319A7664EA"} -index 0
rst -processor
targets -set -nocase -filter {name =~ "microblaze*#0" && bscan=="USER2"  && jtag_cable_name =~ "Digilent Arty 210319A7664EA"} -index 0
dow /root/Development/microblaze_uart/microblaze_uart.sdk/uart_interrupts/Debug/uart_interrupts.elf
----------------End of Script----------------

06:59:36 INFO  : Memory regions updated for context PA
06:59:36 INFO  : Memory regions updated for context PA
06:59:36 INFO  : Context for processor 'microblaze_0' is selected.
06:59:36 INFO  : 'con' command is executed.
06:59:36 INFO  : ----------------XSDB Script (After Launch)----------------
targets -set -nocase -filter {name =~ "microblaze*#0" && bscan=="USER2"  && jtag_cable_name =~ "Digilent Arty 210319A7664EA"} -index 0
con
----------------End of Script----------------

06:59:36 INFO  : Launch script is exported to file '/root/Development/microblaze_uart/microblaze_uart.sdk/.sdk/launch_scripts/xilinx_c-c++_application_(system_debugger)/system_debugger_using_debug_uart_interrupts.elf_on_local.tcl'
06:59:46 INFO  : Disconnected from the channel tcfchan#33.
06:59:48 INFO  : 'targets -set -filter {jtag_cable_name =~ "Digilent Arty 210319A7664EA" && level==0} -index 0' command is executed.
06:59:48 INFO  : 'fpga -state' command is executed.
06:59:48 INFO  : Connected to target on host '127.0.0.1' and port '3121'.
06:59:48 INFO  : Jtag cable 'Digilent Arty 210319A7664EA' is selected.
06:59:48 INFO  : 'jtag frequency' command is executed.
06:59:48 INFO  : 'configparams mdm-detect-bscan-mask 2' command is executed.
06:59:48 INFO  : Context for processor 'microblaze_0' is selected.
06:59:48 INFO  : Processor reset is completed for 'microblaze_0'.
06:59:48 INFO  : Context for processor 'microblaze_0' is selected.
06:59:49 INFO  : The application '/root/Development/microblaze_uart/microblaze_uart.sdk/uart_interrupts/Debug/uart_interrupts.elf' is downloaded to processor 'microblaze_0'.
06:59:49 INFO  : ----------------XSDB Script----------------
connect -url tcp:127.0.0.1:3121
configparams mdm-detect-bscan-mask 2
targets -set -nocase -filter {name =~ "microblaze*#0" && bscan=="USER2"  && jtag_cable_name =~ "Digilent Arty 210319A7664EA"} -index 0
rst -processor
targets -set -nocase -filter {name =~ "microblaze*#0" && bscan=="USER2"  && jtag_cable_name =~ "Digilent Arty 210319A7664EA"} -index 0
dow /root/Development/microblaze_uart/microblaze_uart.sdk/uart_interrupts/Debug/uart_interrupts.elf
----------------End of Script----------------

06:59:49 INFO  : Memory regions updated for context PA
06:59:49 INFO  : Memory regions updated for context PA
06:59:49 INFO  : Context for processor 'microblaze_0' is selected.
06:59:49 INFO  : 'con' command is executed.
06:59:49 INFO  : ----------------XSDB Script (After Launch)----------------
targets -set -nocase -filter {name =~ "microblaze*#0" && bscan=="USER2"  && jtag_cable_name =~ "Digilent Arty 210319A7664EA"} -index 0
con
----------------End of Script----------------

06:59:49 INFO  : Launch script is exported to file '/root/Development/microblaze_uart/microblaze_uart.sdk/.sdk/launch_scripts/xilinx_c-c++_application_(system_debugger)/system_debugger_using_debug_uart_interrupts.elf_on_local.tcl'
06:59:59 INFO  : Disconnected from the channel tcfchan#34.
07:00:01 INFO  : 'targets -set -filter {jtag_cable_name =~ "Digilent Arty 210319A7664EA" && level==0} -index 0' command is executed.
07:00:01 INFO  : 'fpga -state' command is executed.
07:00:01 INFO  : Connected to target on host '127.0.0.1' and port '3121'.
07:00:01 INFO  : Jtag cable 'Digilent Arty 210319A7664EA' is selected.
07:00:01 INFO  : 'jtag frequency' command is executed.
07:00:01 INFO  : 'configparams mdm-detect-bscan-mask 2' command is executed.
07:00:01 INFO  : Context for processor 'microblaze_0' is selected.
07:00:01 INFO  : Processor reset is completed for 'microblaze_0'.
07:00:01 INFO  : Context for processor 'microblaze_0' is selected.
07:00:02 INFO  : The application '/root/Development/microblaze_uart/microblaze_uart.sdk/uart_interrupts/Debug/uart_interrupts.elf' is downloaded to processor 'microblaze_0'.
07:00:02 INFO  : ----------------XSDB Script----------------
connect -url tcp:127.0.0.1:3121
configparams mdm-detect-bscan-mask 2
targets -set -nocase -filter {name =~ "microblaze*#0" && bscan=="USER2"  && jtag_cable_name =~ "Digilent Arty 210319A7664EA"} -index 0
rst -processor
targets -set -nocase -filter {name =~ "microblaze*#0" && bscan=="USER2"  && jtag_cable_name =~ "Digilent Arty 210319A7664EA"} -index 0
dow /root/Development/microblaze_uart/microblaze_uart.sdk/uart_interrupts/Debug/uart_interrupts.elf
----------------End of Script----------------

07:00:02 INFO  : Memory regions updated for context PA
07:00:02 INFO  : Memory regions updated for context PA
07:00:02 INFO  : Context for processor 'microblaze_0' is selected.
07:00:02 INFO  : 'con' command is executed.
07:00:02 INFO  : ----------------XSDB Script (After Launch)----------------
targets -set -nocase -filter {name =~ "microblaze*#0" && bscan=="USER2"  && jtag_cable_name =~ "Digilent Arty 210319A7664EA"} -index 0
con
----------------End of Script----------------

07:00:02 INFO  : Launch script is exported to file '/root/Development/microblaze_uart/microblaze_uart.sdk/.sdk/launch_scripts/xilinx_c-c++_application_(system_debugger)/system_debugger_using_debug_uart_interrupts.elf_on_local.tcl'
07:08:20 INFO  : Disconnected from the channel tcfchan#35.
07:08:21 INFO  : 'targets -set -filter {jtag_cable_name =~ "Digilent Arty 210319A7664EA" && level==0} -index 0' command is executed.
07:08:21 INFO  : 'fpga -state' command is executed.
07:08:21 INFO  : Connected to target on host '127.0.0.1' and port '3121'.
07:08:21 INFO  : Jtag cable 'Digilent Arty 210319A7664EA' is selected.
07:08:21 INFO  : 'jtag frequency' command is executed.
07:08:22 INFO  : 'configparams mdm-detect-bscan-mask 2' command is executed.
07:08:22 INFO  : Context for processor 'microblaze_0' is selected.
07:08:22 INFO  : Processor reset is completed for 'microblaze_0'.
07:08:22 INFO  : Context for processor 'microblaze_0' is selected.
07:08:22 INFO  : The application '/root/Development/microblaze_uart/microblaze_uart.sdk/uart_interrupts/Debug/uart_interrupts.elf' is downloaded to processor 'microblaze_0'.
07:08:22 INFO  : ----------------XSDB Script----------------
connect -url tcp:127.0.0.1:3121
configparams mdm-detect-bscan-mask 2
targets -set -nocase -filter {name =~ "microblaze*#0" && bscan=="USER2"  && jtag_cable_name =~ "Digilent Arty 210319A7664EA"} -index 0
rst -processor
targets -set -nocase -filter {name =~ "microblaze*#0" && bscan=="USER2"  && jtag_cable_name =~ "Digilent Arty 210319A7664EA"} -index 0
dow /root/Development/microblaze_uart/microblaze_uart.sdk/uart_interrupts/Debug/uart_interrupts.elf
----------------End of Script----------------

07:08:22 INFO  : Memory regions updated for context PA
07:08:22 INFO  : Memory regions updated for context PA
07:08:23 INFO  : Context for processor 'microblaze_0' is selected.
07:08:23 INFO  : 'con' command is executed.
07:08:23 INFO  : ----------------XSDB Script (After Launch)----------------
targets -set -nocase -filter {name =~ "microblaze*#0" && bscan=="USER2"  && jtag_cable_name =~ "Digilent Arty 210319A7664EA"} -index 0
con
----------------End of Script----------------

07:08:23 INFO  : Launch script is exported to file '/root/Development/microblaze_uart/microblaze_uart.sdk/.sdk/launch_scripts/xilinx_c-c++_application_(system_debugger)/system_debugger_using_debug_uart_interrupts.elf_on_local.tcl'
07:34:59 WARN  : channel "tcfchan#36" closed
